y:\documents\slots\game-js-slots\tools\bn_decry\tools\toxxteaproj\toxxteaproj_win32\toxxteaproj_win32\debug\vc140.pdb
y:\documents\slots\game-js-slots\tools\bn_decry\tools\toxxteaproj\toxxteaproj_win32\toxxteaproj_win32\debug\vc140.idb
y:\documents\slots\game-js-slots\tools\bn_decry\tools\toxxteaproj\toxxteaproj_win32\toxxteaproj_win32\debug\common_internal.obj
y:\documents\slots\game-js-slots\tools\bn_decry\tools\toxxteaproj\toxxteaproj_win32\toxxteaproj_win32\debug\compress.obj
y:\documents\slots\game-js-slots\tools\bn_decry\tools\toxxteaproj\toxxteaproj_win32\toxxteaproj_win32\debug\decompress.obj
y:\documents\slots\game-js-slots\tools\bn_decry\tools\toxxteaproj\toxxteaproj_win32\toxxteaproj_win32\debug\lzip_header.obj
y:\documents\slots\game-js-slots\tools\bn_decry\tools\toxxteaproj\toxxteaproj_win32\toxxteaproj_win32\debug\lzma_header.obj
y:\documents\slots\game-js-slots\tools\bn_decry\tools\toxxteaproj\toxxteaproj_win32\toxxteaproj_win32\debug\7zcrc.obj
y:\documents\slots\game-js-slots\tools\bn_decry\tools\toxxteaproj\toxxteaproj_win32\toxxteaproj_win32\debug\alloc.obj
y:\documents\slots\game-js-slots\tools\bn_decry\tools\toxxteaproj\toxxteaproj_win32\toxxteaproj_win32\debug\lzmadec.obj
y:\documents\slots\game-js-slots\tools\bn_decry\tools\toxxteaproj\toxxteaproj_win32\toxxteaproj_win32\debug\lzmalib.obj
y:\documents\slots\game-js-slots\tools\bn_decry\tools\toxxteaproj\toxxteaproj_win32\toxxteaproj_win32\debug\simple.obj
y:\documents\slots\game-js-slots\tools\bn_decry\tools\toxxteaproj\toxxteaproj_win32\toxxteaproj_win32\debug\xxtea.obj
y:\documents\slots\game-js-slots\tools\bn_decry\tools\toxxteaproj\toxxteaproj_win32\toxxteaproj_win32\debug\main.obj
y:\documents\slots\game-js-slots\tools\bn_decry\tools\toxxteaproj\toxxteaproj_win32\toxxteaproj_win32\debug\platform.obj
y:\documents\slots\game-js-slots\tools\bn_decry\tools\toxxteaproj\toxxteaproj_win32\toxxteaproj_win32\debug\xxteautil.obj
y:\documents\slots\game-js-slots\tools\bn_decry\tools\toxxteaproj\toxxteaproj_win32\debug\toxxteaproj_win32.pdb
y:\documents\slots\game-js-slots\tools\bn_decry\tools\toxxteaproj\toxxteaproj_win32\toxxteaproj_win32\debug\toxxteap.bf8b186c.tlog\cl.command.1.tlog
y:\documents\slots\game-js-slots\tools\bn_decry\tools\toxxteaproj\toxxteaproj_win32\toxxteaproj_win32\debug\toxxteap.bf8b186c.tlog\cl.read.1.tlog
y:\documents\slots\game-js-slots\tools\bn_decry\tools\toxxteaproj\toxxteaproj_win32\toxxteaproj_win32\debug\toxxteap.bf8b186c.tlog\cl.write.1.tlog
y:\documents\slots\game-js-slots\tools\bn_decry\tools\toxxteaproj\toxxteaproj_win32\toxxteaproj_win32\debug\toxxteap.bf8b186c.tlog\link-cvtres.read.1.tlog
y:\documents\slots\game-js-slots\tools\bn_decry\tools\toxxteaproj\toxxteaproj_win32\toxxteaproj_win32\debug\toxxteap.bf8b186c.tlog\link-cvtres.write.1.tlog
y:\documents\slots\game-js-slots\tools\bn_decry\tools\toxxteaproj\toxxteaproj_win32\toxxteaproj_win32\debug\toxxteap.bf8b186c.tlog\link-rc.read.1.tlog
y:\documents\slots\game-js-slots\tools\bn_decry\tools\toxxteaproj\toxxteaproj_win32\toxxteaproj_win32\debug\toxxteap.bf8b186c.tlog\link-rc.write.1.tlog
y:\documents\slots\game-js-slots\tools\bn_decry\tools\toxxteaproj\toxxteaproj_win32\toxxteaproj_win32\debug\toxxteap.bf8b186c.tlog\link.command.1.tlog
y:\documents\slots\game-js-slots\tools\bn_decry\tools\toxxteaproj\toxxteaproj_win32\toxxteaproj_win32\debug\toxxteap.bf8b186c.tlog\link.read.1.tlog
y:\documents\slots\game-js-slots\tools\bn_decry\tools\toxxteaproj\toxxteaproj_win32\toxxteaproj_win32\debug\toxxteap.bf8b186c.tlog\link.write.1.tlog
